<?xml version="1.0" encoding="UTF-8"?>
<!-- Generated by org.testng.reporters.JUnitReportReporter -->
<testsuite hostname="DESKTOP-KN19NBV" failures="0" tests="2" name="testLayer.RegisterTest" time="25.927" errors="0" timestamp="2024-03-31T13:48:19 IST" skipped="0">
  <testcase classname="testLayer.RegisterTest" name="validateRegisteringAccountByProvidingExistingAccountdetails" time="18.307"/>
  <system-out/>
  <testcase classname="testLayer.RegisterTest" name="validateRegisteringAccountByProvidingValidAccountdetails" time="7.620"/>
  <system-out/>
</testsuite> <!-- testLayer.RegisterTest -->
