<?xml version="1.0" encoding="UTF-8"?>
<!-- Generated by org.testng.reporters.JUnitReportReporter -->
<testsuite hostname="DESKTOP-KN19NBV" failures="0" tests="2" name="testLayer.BuyMac" time="20.541" errors="0" timestamp="2024-03-31T13:48:19 IST" skipped="0">
  <testcase classname="testLayer.BuyMac" name="MacbookPurchasewithNewUser" time="10.794"/>
  <system-out/>
  <testcase classname="testLayer.BuyMac" name="MacbookPurchasewithExistingUser" time="9.747"/>
  <system-out/>
</testsuite> <!-- testLayer.BuyMac -->
